INFO: [VRFC 10-2263] Analyzing Verilog file "/share/ryes/Vivado/VivadoProjects/trusthub_pynq_z1/trusthub_pynq_z1.sim/sim_1/synth/timing/xsim/aes_compare_tb_time_synth.v" into library xil_defaultlib
INFO: [VRFC 10-311] analyzing module RAM32X1S_UNIQ_BASE_
INFO: [VRFC 10-311] analyzing module RAM32X1S_HD1
INFO: [VRFC 10-311] analyzing module RAM32X1S_HD10
INFO: [VRFC 10-311] analyzing module RAM32X1S_HD11
INFO: [VRFC 10-311] analyzing module RAM32X1S_HD12
INFO: [VRFC 10-311] analyzing module RAM32X1S_HD13
INFO: [VRFC 10-311] analyzing module RAM32X1S_HD14
INFO: [VRFC 10-311] analyzing module RAM32X1S_HD15
INFO: [VRFC 10-311] analyzing module RAM32X1S_HD16
INFO: [VRFC 10-311] analyzing module RAM32X1S_HD17
INFO: [VRFC 10-311] analyzing module RAM32X1S_HD18
INFO: [VRFC 10-311] analyzing module RAM32X1S_HD19
INFO: [VRFC 10-311] analyzing module RAM32X1S_HD2
INFO: [VRFC 10-311] analyzing module RAM32X1S_HD20
INFO: [VRFC 10-311] analyzing module RAM32X1S_HD21
INFO: [VRFC 10-311] analyzing module RAM32X1S_HD22
INFO: [VRFC 10-311] analyzing module RAM32X1S_HD23
INFO: [VRFC 10-311] analyzing module RAM32X1S_HD24
INFO: [VRFC 10-311] analyzing module RAM32X1S_HD25
INFO: [VRFC 10-311] analyzing module RAM32X1S_HD26
INFO: [VRFC 10-311] analyzing module RAM32X1S_HD27
INFO: [VRFC 10-311] analyzing module RAM32X1S_HD28
INFO: [VRFC 10-311] analyzing module RAM32X1S_HD29
INFO: [VRFC 10-311] analyzing module RAM32X1S_HD3
INFO: [VRFC 10-311] analyzing module RAM32X1S_HD30
INFO: [VRFC 10-311] analyzing module RAM32X1S_HD31
INFO: [VRFC 10-311] analyzing module RAM32X1S_HD32
INFO: [VRFC 10-311] analyzing module RAM32X1S_HD33
INFO: [VRFC 10-311] analyzing module RAM32X1S_HD34
INFO: [VRFC 10-311] analyzing module RAM32X1S_HD35
INFO: [VRFC 10-311] analyzing module RAM32X1S_HD36
INFO: [VRFC 10-311] analyzing module RAM32X1S_HD37
INFO: [VRFC 10-311] analyzing module RAM32X1S_HD38
INFO: [VRFC 10-311] analyzing module RAM32X1S_HD39
INFO: [VRFC 10-311] analyzing module RAM32X1S_HD4
INFO: [VRFC 10-311] analyzing module RAM32X1S_HD40
INFO: [VRFC 10-311] analyzing module RAM32X1S_HD41
INFO: [VRFC 10-311] analyzing module RAM32X1S_HD42
INFO: [VRFC 10-311] analyzing module RAM32X1S_HD43
INFO: [VRFC 10-311] analyzing module RAM32X1S_HD44
INFO: [VRFC 10-311] analyzing module RAM32X1S_HD45
INFO: [VRFC 10-311] analyzing module RAM32X1S_HD46
INFO: [VRFC 10-311] analyzing module RAM32X1S_HD47
INFO: [VRFC 10-311] analyzing module RAM32X1S_HD48
INFO: [VRFC 10-311] analyzing module RAM32X1S_HD49
INFO: [VRFC 10-311] analyzing module RAM32X1S_HD5
INFO: [VRFC 10-311] analyzing module RAM32X1S_HD50
INFO: [VRFC 10-311] analyzing module RAM32X1S_HD51
INFO: [VRFC 10-311] analyzing module RAM32X1S_HD52
INFO: [VRFC 10-311] analyzing module RAM32X1S_HD53
INFO: [VRFC 10-311] analyzing module RAM32X1S_HD54
INFO: [VRFC 10-311] analyzing module RAM32X1S_HD55
INFO: [VRFC 10-311] analyzing module RAM32X1S_HD56
INFO: [VRFC 10-311] analyzing module RAM32X1S_HD57
INFO: [VRFC 10-311] analyzing module RAM32X1S_HD58
INFO: [VRFC 10-311] analyzing module RAM32X1S_HD59
INFO: [VRFC 10-311] analyzing module RAM32X1S_HD6
INFO: [VRFC 10-311] analyzing module RAM32X1S_HD60
INFO: [VRFC 10-311] analyzing module RAM32X1S_HD61
INFO: [VRFC 10-311] analyzing module RAM32X1S_HD62
INFO: [VRFC 10-311] analyzing module RAM32X1S_HD63
INFO: [VRFC 10-311] analyzing module RAM32X1S_HD7
INFO: [VRFC 10-311] analyzing module RAM32X1S_HD8
INFO: [VRFC 10-311] analyzing module RAM32X1S_HD9
INFO: [VRFC 10-311] analyzing module S
INFO: [VRFC 10-311] analyzing module S4
INFO: [VRFC 10-311] analyzing module S4_17
INFO: [VRFC 10-311] analyzing module S4_18
INFO: [VRFC 10-311] analyzing module S4_19
INFO: [VRFC 10-311] analyzing module S4_280
INFO: [VRFC 10-311] analyzing module S4_285
INFO: [VRFC 10-311] analyzing module S4_290
INFO: [VRFC 10-311] analyzing module S4_295
INFO: [VRFC 10-311] analyzing module S4_300
INFO: [VRFC 10-311] analyzing module S4_305
INFO: [VRFC 10-311] analyzing module S4_310
INFO: [VRFC 10-311] analyzing module S4_315
INFO: [VRFC 10-311] analyzing module S4_320
INFO: [VRFC 10-311] analyzing module S4_325
INFO: [VRFC 10-311] analyzing module S_101
INFO: [VRFC 10-311] analyzing module S_109
INFO: [VRFC 10-311] analyzing module S_111
INFO: [VRFC 10-311] analyzing module S_115
INFO: [VRFC 10-311] analyzing module S_117
INFO: [VRFC 10-311] analyzing module S_121
INFO: [VRFC 10-311] analyzing module S_123
INFO: [VRFC 10-311] analyzing module S_127
INFO: [VRFC 10-311] analyzing module S_129
INFO: [VRFC 10-311] analyzing module S_137
INFO: [VRFC 10-311] analyzing module S_139
INFO: [VRFC 10-311] analyzing module S_143
INFO: [VRFC 10-311] analyzing module S_145
INFO: [VRFC 10-311] analyzing module S_149
INFO: [VRFC 10-311] analyzing module S_151
INFO: [VRFC 10-311] analyzing module S_155
INFO: [VRFC 10-311] analyzing module S_157
INFO: [VRFC 10-311] analyzing module S_165
INFO: [VRFC 10-311] analyzing module S_167
INFO: [VRFC 10-311] analyzing module S_171
INFO: [VRFC 10-311] analyzing module S_173
INFO: [VRFC 10-311] analyzing module S_177
INFO: [VRFC 10-311] analyzing module S_179
INFO: [VRFC 10-311] analyzing module S_183
INFO: [VRFC 10-311] analyzing module S_185
INFO: [VRFC 10-311] analyzing module S_193
INFO: [VRFC 10-311] analyzing module S_195
INFO: [VRFC 10-311] analyzing module S_199
INFO: [VRFC 10-311] analyzing module S_20
INFO: [VRFC 10-311] analyzing module S_201
INFO: [VRFC 10-311] analyzing module S_205
INFO: [VRFC 10-311] analyzing module S_207
INFO: [VRFC 10-311] analyzing module S_21
INFO: [VRFC 10-311] analyzing module S_211
INFO: [VRFC 10-311] analyzing module S_213
INFO: [VRFC 10-311] analyzing module S_22
INFO: [VRFC 10-311] analyzing module S_221
INFO: [VRFC 10-311] analyzing module S_223
INFO: [VRFC 10-311] analyzing module S_227
INFO: [VRFC 10-311] analyzing module S_229
INFO: [VRFC 10-311] analyzing module S_233
INFO: [VRFC 10-311] analyzing module S_235
INFO: [VRFC 10-311] analyzing module S_239
INFO: [VRFC 10-311] analyzing module S_241
INFO: [VRFC 10-311] analyzing module S_249
INFO: [VRFC 10-311] analyzing module S_251
INFO: [VRFC 10-311] analyzing module S_255
INFO: [VRFC 10-311] analyzing module S_257
INFO: [VRFC 10-311] analyzing module S_262
INFO: [VRFC 10-311] analyzing module S_264
INFO: [VRFC 10-311] analyzing module S_266
INFO: [VRFC 10-311] analyzing module S_27
INFO: [VRFC 10-311] analyzing module S_272
INFO: [VRFC 10-311] analyzing module S_274
INFO: [VRFC 10-311] analyzing module S_276
INFO: [VRFC 10-311] analyzing module S_278
INFO: [VRFC 10-311] analyzing module S_28
INFO: [VRFC 10-311] analyzing module S_281
INFO: [VRFC 10-311] analyzing module S_282
INFO: [VRFC 10-311] analyzing module S_283
INFO: [VRFC 10-311] analyzing module S_284
INFO: [VRFC 10-311] analyzing module S_286
INFO: [VRFC 10-311] analyzing module S_287
INFO: [VRFC 10-311] analyzing module S_288
INFO: [VRFC 10-311] analyzing module S_289
INFO: [VRFC 10-311] analyzing module S_291
INFO: [VRFC 10-311] analyzing module S_292
INFO: [VRFC 10-311] analyzing module S_293
INFO: [VRFC 10-311] analyzing module S_294
INFO: [VRFC 10-311] analyzing module S_296
INFO: [VRFC 10-311] analyzing module S_297
INFO: [VRFC 10-311] analyzing module S_298
INFO: [VRFC 10-311] analyzing module S_299
INFO: [VRFC 10-311] analyzing module S_301
INFO: [VRFC 10-311] analyzing module S_302
INFO: [VRFC 10-311] analyzing module S_303
INFO: [VRFC 10-311] analyzing module S_304
INFO: [VRFC 10-311] analyzing module S_306
INFO: [VRFC 10-311] analyzing module S_307
INFO: [VRFC 10-311] analyzing module S_308
INFO: [VRFC 10-311] analyzing module S_309
INFO: [VRFC 10-311] analyzing module S_311
INFO: [VRFC 10-311] analyzing module S_312
INFO: [VRFC 10-311] analyzing module S_313
INFO: [VRFC 10-311] analyzing module S_314
INFO: [VRFC 10-311] analyzing module S_316
INFO: [VRFC 10-311] analyzing module S_317
INFO: [VRFC 10-311] analyzing module S_318
INFO: [VRFC 10-311] analyzing module S_319
INFO: [VRFC 10-311] analyzing module S_32
INFO: [VRFC 10-311] analyzing module S_321
INFO: [VRFC 10-311] analyzing module S_322
INFO: [VRFC 10-311] analyzing module S_323
INFO: [VRFC 10-311] analyzing module S_324
INFO: [VRFC 10-311] analyzing module S_326
INFO: [VRFC 10-311] analyzing module S_327
INFO: [VRFC 10-311] analyzing module S_328
INFO: [VRFC 10-311] analyzing module S_329
INFO: [VRFC 10-311] analyzing module S_33
INFO: [VRFC 10-311] analyzing module S_37
INFO: [VRFC 10-311] analyzing module S_39
INFO: [VRFC 10-311] analyzing module S_44
INFO: [VRFC 10-311] analyzing module S_46
INFO: [VRFC 10-311] analyzing module S_53
INFO: [VRFC 10-311] analyzing module S_55
INFO: [VRFC 10-311] analyzing module S_59
INFO: [VRFC 10-311] analyzing module S_61
INFO: [VRFC 10-311] analyzing module S_65
INFO: [VRFC 10-311] analyzing module S_67
INFO: [VRFC 10-311] analyzing module S_71
INFO: [VRFC 10-311] analyzing module S_73
INFO: [VRFC 10-311] analyzing module S_81
INFO: [VRFC 10-311] analyzing module S_83
INFO: [VRFC 10-311] analyzing module S_87
INFO: [VRFC 10-311] analyzing module S_89
INFO: [VRFC 10-311] analyzing module S_93
INFO: [VRFC 10-311] analyzing module S_95
INFO: [VRFC 10-311] analyzing module S_99
INFO: [VRFC 10-311] analyzing module T
INFO: [VRFC 10-311] analyzing module T_107
INFO: [VRFC 10-311] analyzing module T_108
INFO: [VRFC 10-311] analyzing module T_113
INFO: [VRFC 10-311] analyzing module T_114
INFO: [VRFC 10-311] analyzing module T_119
INFO: [VRFC 10-311] analyzing module T_120
INFO: [VRFC 10-311] analyzing module T_125
INFO: [VRFC 10-311] analyzing module T_126
INFO: [VRFC 10-311] analyzing module T_135
INFO: [VRFC 10-311] analyzing module T_136
INFO: [VRFC 10-311] analyzing module T_141
INFO: [VRFC 10-311] analyzing module T_142
INFO: [VRFC 10-311] analyzing module T_147
INFO: [VRFC 10-311] analyzing module T_148
INFO: [VRFC 10-311] analyzing module T_153
INFO: [VRFC 10-311] analyzing module T_154
INFO: [VRFC 10-311] analyzing module T_163
INFO: [VRFC 10-311] analyzing module T_164
INFO: [VRFC 10-311] analyzing module T_169
INFO: [VRFC 10-311] analyzing module T_170
INFO: [VRFC 10-311] analyzing module T_175
INFO: [VRFC 10-311] analyzing module T_176
INFO: [VRFC 10-311] analyzing module T_181
INFO: [VRFC 10-311] analyzing module T_182
INFO: [VRFC 10-311] analyzing module T_191
INFO: [VRFC 10-311] analyzing module T_192
INFO: [VRFC 10-311] analyzing module T_197
INFO: [VRFC 10-311] analyzing module T_198
INFO: [VRFC 10-311] analyzing module T_203
INFO: [VRFC 10-311] analyzing module T_204
INFO: [VRFC 10-311] analyzing module T_209
INFO: [VRFC 10-311] analyzing module T_210
INFO: [VRFC 10-311] analyzing module T_219
INFO: [VRFC 10-311] analyzing module T_220
INFO: [VRFC 10-311] analyzing module T_225
INFO: [VRFC 10-311] analyzing module T_226
INFO: [VRFC 10-311] analyzing module T_231
INFO: [VRFC 10-311] analyzing module T_232
INFO: [VRFC 10-311] analyzing module T_237
INFO: [VRFC 10-311] analyzing module T_238
INFO: [VRFC 10-311] analyzing module T_247
INFO: [VRFC 10-311] analyzing module T_248
INFO: [VRFC 10-311] analyzing module T_253
INFO: [VRFC 10-311] analyzing module T_254
INFO: [VRFC 10-311] analyzing module T_259
INFO: [VRFC 10-311] analyzing module T_26
INFO: [VRFC 10-311] analyzing module T_260
INFO: [VRFC 10-311] analyzing module T_261
INFO: [VRFC 10-311] analyzing module T_268
INFO: [VRFC 10-311] analyzing module T_269
INFO: [VRFC 10-311] analyzing module T_270
INFO: [VRFC 10-311] analyzing module T_271
INFO: [VRFC 10-311] analyzing module T_30
INFO: [VRFC 10-311] analyzing module T_31
INFO: [VRFC 10-311] analyzing module T_35
INFO: [VRFC 10-311] analyzing module T_36
INFO: [VRFC 10-311] analyzing module T_41
INFO: [VRFC 10-311] analyzing module T_42
INFO: [VRFC 10-311] analyzing module T_43
INFO: [VRFC 10-311] analyzing module T_51
INFO: [VRFC 10-311] analyzing module T_52
INFO: [VRFC 10-311] analyzing module T_57
INFO: [VRFC 10-311] analyzing module T_58
INFO: [VRFC 10-311] analyzing module T_63
INFO: [VRFC 10-311] analyzing module T_64
INFO: [VRFC 10-311] analyzing module T_69
INFO: [VRFC 10-311] analyzing module T_70
INFO: [VRFC 10-311] analyzing module T_79
INFO: [VRFC 10-311] analyzing module T_80
INFO: [VRFC 10-311] analyzing module T_85
INFO: [VRFC 10-311] analyzing module T_86
INFO: [VRFC 10-311] analyzing module T_91
INFO: [VRFC 10-311] analyzing module T_92
INFO: [VRFC 10-311] analyzing module T_97
INFO: [VRFC 10-311] analyzing module T_98
INFO: [VRFC 10-311] analyzing module aes_128_trojan
INFO: [VRFC 10-311] analyzing module expand_key_128_trojan
INFO: [VRFC 10-311] analyzing module expand_key_128_trojan_0
INFO: [VRFC 10-311] analyzing module expand_key_128_trojan_1
INFO: [VRFC 10-311] analyzing module expand_key_128_trojan_2
INFO: [VRFC 10-311] analyzing module expand_key_128_trojan_3
INFO: [VRFC 10-311] analyzing module expand_key_128_trojan_4
INFO: [VRFC 10-311] analyzing module expand_key_128_trojan_5
INFO: [VRFC 10-311] analyzing module expand_key_128_trojan_6
INFO: [VRFC 10-311] analyzing module expand_key_128_trojan_7
INFO: [VRFC 10-311] analyzing module expand_key_128_trojan_8
INFO: [VRFC 10-311] analyzing module final_round
INFO: [VRFC 10-311] analyzing module key_memory
INFO: [VRFC 10-311] analyzing module one_round
INFO: [VRFC 10-311] analyzing module one_round_10
INFO: [VRFC 10-311] analyzing module one_round_11
INFO: [VRFC 10-311] analyzing module one_round_12
INFO: [VRFC 10-311] analyzing module one_round_13
INFO: [VRFC 10-311] analyzing module one_round_14
INFO: [VRFC 10-311] analyzing module one_round_15
INFO: [VRFC 10-311] analyzing module one_round_16
INFO: [VRFC 10-311] analyzing module one_round_9
INFO: [VRFC 10-311] analyzing module out_memory
INFO: [VRFC 10-311] analyzing module state_memory
INFO: [VRFC 10-311] analyzing module table_lookup
INFO: [VRFC 10-311] analyzing module table_lookup_103
INFO: [VRFC 10-311] analyzing module table_lookup_104
INFO: [VRFC 10-311] analyzing module table_lookup_105
INFO: [VRFC 10-311] analyzing module table_lookup_106
INFO: [VRFC 10-311] analyzing module table_lookup_131
INFO: [VRFC 10-311] analyzing module table_lookup_132
INFO: [VRFC 10-311] analyzing module table_lookup_133
INFO: [VRFC 10-311] analyzing module table_lookup_134
INFO: [VRFC 10-311] analyzing module table_lookup_159
INFO: [VRFC 10-311] analyzing module table_lookup_160
INFO: [VRFC 10-311] analyzing module table_lookup_161
INFO: [VRFC 10-311] analyzing module table_lookup_162
INFO: [VRFC 10-311] analyzing module table_lookup_187
INFO: [VRFC 10-311] analyzing module table_lookup_188
INFO: [VRFC 10-311] analyzing module table_lookup_189
INFO: [VRFC 10-311] analyzing module table_lookup_190
INFO: [VRFC 10-311] analyzing module table_lookup_215
INFO: [VRFC 10-311] analyzing module table_lookup_216
INFO: [VRFC 10-311] analyzing module table_lookup_217
INFO: [VRFC 10-311] analyzing module table_lookup_218
INFO: [VRFC 10-311] analyzing module table_lookup_23
INFO: [VRFC 10-311] analyzing module table_lookup_24
INFO: [VRFC 10-311] analyzing module table_lookup_243
INFO: [VRFC 10-311] analyzing module table_lookup_244
INFO: [VRFC 10-311] analyzing module table_lookup_245
INFO: [VRFC 10-311] analyzing module table_lookup_246
INFO: [VRFC 10-311] analyzing module table_lookup_25
INFO: [VRFC 10-311] analyzing module table_lookup_47
INFO: [VRFC 10-311] analyzing module table_lookup_48
INFO: [VRFC 10-311] analyzing module table_lookup_49
INFO: [VRFC 10-311] analyzing module table_lookup_50
INFO: [VRFC 10-311] analyzing module table_lookup_75
INFO: [VRFC 10-311] analyzing module table_lookup_76
INFO: [VRFC 10-311] analyzing module table_lookup_77
INFO: [VRFC 10-311] analyzing module table_lookup_78
INFO: [VRFC 10-311] analyzing module top
INFO: [VRFC 10-311] analyzing module xS
INFO: [VRFC 10-311] analyzing module xS_100
INFO: [VRFC 10-311] analyzing module xS_102
INFO: [VRFC 10-311] analyzing module xS_110
INFO: [VRFC 10-311] analyzing module xS_112
INFO: [VRFC 10-311] analyzing module xS_116
INFO: [VRFC 10-311] analyzing module xS_118
INFO: [VRFC 10-311] analyzing module xS_122
INFO: [VRFC 10-311] analyzing module xS_124
INFO: [VRFC 10-311] analyzing module xS_128
INFO: [VRFC 10-311] analyzing module xS_130
INFO: [VRFC 10-311] analyzing module xS_138
INFO: [VRFC 10-311] analyzing module xS_140
INFO: [VRFC 10-311] analyzing module xS_144
INFO: [VRFC 10-311] analyzing module xS_146
INFO: [VRFC 10-311] analyzing module xS_150
INFO: [VRFC 10-311] analyzing module xS_152
INFO: [VRFC 10-311] analyzing module xS_156
INFO: [VRFC 10-311] analyzing module xS_158
INFO: [VRFC 10-311] analyzing module xS_166
INFO: [VRFC 10-311] analyzing module xS_168
INFO: [VRFC 10-311] analyzing module xS_172
INFO: [VRFC 10-311] analyzing module xS_174
INFO: [VRFC 10-311] analyzing module xS_178
INFO: [VRFC 10-311] analyzing module xS_180
INFO: [VRFC 10-311] analyzing module xS_184
INFO: [VRFC 10-311] analyzing module xS_186
INFO: [VRFC 10-311] analyzing module xS_194
INFO: [VRFC 10-311] analyzing module xS_196
INFO: [VRFC 10-311] analyzing module xS_200
INFO: [VRFC 10-311] analyzing module xS_202
INFO: [VRFC 10-311] analyzing module xS_206
INFO: [VRFC 10-311] analyzing module xS_208
INFO: [VRFC 10-311] analyzing module xS_212
INFO: [VRFC 10-311] analyzing module xS_214
INFO: [VRFC 10-311] analyzing module xS_222
INFO: [VRFC 10-311] analyzing module xS_224
INFO: [VRFC 10-311] analyzing module xS_228
INFO: [VRFC 10-311] analyzing module xS_230
INFO: [VRFC 10-311] analyzing module xS_234
INFO: [VRFC 10-311] analyzing module xS_236
INFO: [VRFC 10-311] analyzing module xS_240
INFO: [VRFC 10-311] analyzing module xS_242
INFO: [VRFC 10-311] analyzing module xS_250
INFO: [VRFC 10-311] analyzing module xS_252
INFO: [VRFC 10-311] analyzing module xS_256
INFO: [VRFC 10-311] analyzing module xS_258
INFO: [VRFC 10-311] analyzing module xS_263
INFO: [VRFC 10-311] analyzing module xS_265
INFO: [VRFC 10-311] analyzing module xS_267
INFO: [VRFC 10-311] analyzing module xS_273
INFO: [VRFC 10-311] analyzing module xS_275
INFO: [VRFC 10-311] analyzing module xS_277
INFO: [VRFC 10-311] analyzing module xS_279
INFO: [VRFC 10-311] analyzing module xS_29
INFO: [VRFC 10-311] analyzing module xS_34
INFO: [VRFC 10-311] analyzing module xS_38
INFO: [VRFC 10-311] analyzing module xS_40
INFO: [VRFC 10-311] analyzing module xS_45
INFO: [VRFC 10-311] analyzing module xS_54
INFO: [VRFC 10-311] analyzing module xS_56
INFO: [VRFC 10-311] analyzing module xS_60
INFO: [VRFC 10-311] analyzing module xS_62
INFO: [VRFC 10-311] analyzing module xS_66
INFO: [VRFC 10-311] analyzing module xS_68
INFO: [VRFC 10-311] analyzing module xS_72
INFO: [VRFC 10-311] analyzing module xS_74
INFO: [VRFC 10-311] analyzing module xS_82
INFO: [VRFC 10-311] analyzing module xS_84
INFO: [VRFC 10-311] analyzing module xS_88
INFO: [VRFC 10-311] analyzing module xS_90
INFO: [VRFC 10-311] analyzing module xS_94
INFO: [VRFC 10-311] analyzing module xS_96
INFO: [VRFC 10-311] analyzing module key_memory_dist_mem_gen_v8_0_14
INFO: [VRFC 10-311] analyzing module key_memory_dist_mem_gen_v8_0_14_synth
INFO: [VRFC 10-311] analyzing module key_memory_rom
INFO: [VRFC 10-311] analyzing module out_memory_dist_mem_gen_v8_0_14
INFO: [VRFC 10-311] analyzing module out_memory_dist_mem_gen_v8_0_14_synth
INFO: [VRFC 10-311] analyzing module out_memory_spram
INFO: [VRFC 10-311] analyzing module state_memory_dist_mem_gen_v8_0_14
INFO: [VRFC 10-311] analyzing module state_memory_dist_mem_gen_v8_0_14_synth
INFO: [VRFC 10-311] analyzing module state_memory_rom
INFO: [VRFC 10-311] analyzing module glbl
