Vivado Simulator v2023.2
Copyright 1986-2022 Xilinx, Inc. All Rights Reserved.
Copyright 2022-2023 Advanced Micro Devices, Inc. All Rights Reserved.
Running: /share/reconfig/xilinx/Vivado/2023.2/bin/unwrapped/lnx64.o/xelab --incr --debug typical --relax --mt 8 -L xil_defaultlib -L unisims_ver -L unimacro_ver -L secureip -L xpm --snapshot uart_compare_tb_behav xil_defaultlib.uart_compare_tb xil_defaultlib.glbl -log elaborate.log 
Using 8 slave threads.
Starting static elaboration
Pass Through NonSizing Optimizer
Completed static elaboration
Starting simulation data flow analysis
WARNING: [XSIM 43-4099] "/share/ryes/Vivado/trusthub_benchmarks/RS232-T2100/src/TjFree/top_benign.v" Line 1. Module top_benign doesn't have a timescale but at least one module in design has a timescale.
WARNING: [XSIM 43-4099] "/share/ryes/Vivado/trusthub_benchmarks/RS232-T2100/src/TjIn/top.v" Line 1. Module top doesn't have a timescale but at least one module in design has a timescale.
WARNING: [XSIM 43-4099] "/share/ryes/Vivado/trusthub_benchmarks/RS232-T2100/src/TjFree/top_benign.v" Line 1. Module top_benign doesn't have a timescale but at least one module in design has a timescale.
WARNING: [XSIM 43-4099] "/share/ryes/Vivado/trusthub_benchmarks/RS232-T2100/src/TjIn/top.v" Line 1. Module top doesn't have a timescale but at least one module in design has a timescale.
Completed simulation data flow analysis
Time Resolution for simulation is 1ps
Compiling module xil_defaultlib.u_xmit_benign
Compiling module xil_defaultlib.u_rec_benign
Compiling module xil_defaultlib.uart_benign
Compiling module xil_defaultlib.top_benign
Compiling module xil_defaultlib.u_xmit
Compiling module xil_defaultlib.u_rec
Compiling module xil_defaultlib.uart
Compiling module xil_defaultlib.top
Compiling module xil_defaultlib.uart_compare_tb
Compiling module xil_defaultlib.glbl
Built simulation snapshot uart_compare_tb_behav
