
*** Running vivado
    with args -log key_memory.vds -m64 -product Vivado -mode batch -messageDb vivado.pb -notrace -source key_memory.tcl


****** Vivado v2023.2 (64-bit)
  **** SW Build 4029153 on Fri Oct 13 20:13:54 MDT 2023
  **** IP Build 4028589 on Sat Oct 14 00:45:43 MDT 2023
  **** SharedData Build 4025554 on Tue Oct 10 17:18:54 MDT 2023
    ** Copyright 1986-2022 Xilinx, Inc. All Rights Reserved.
    ** Copyright 2022-2023 Advanced Micro Devices, Inc. All Rights Reserved.

source key_memory.tcl -notrace
create_project: Time (s): cpu = 00:00:06 ; elapsed = 00:00:07 . Memory (MB): peak = 1332.785 ; gain = 27.836 ; free physical = 46127 ; free virtual = 85986
INFO: [IP_Flow 19-6924] IPCACHE: Running cache check for IP inst: key_memory
Command: synth_design -top key_memory -part xc7z020clg400-1 -incremental_mode off -mode out_of_context
Starting synth_design
Attempting to get a license for feature 'Synthesis' and/or device 'xc7z020'
INFO: [Common 17-349] Got license for feature 'Synthesis' and/or device 'xc7z020'
INFO: [Device 21-403] Loading part xc7z020clg400-1
INFO: [Synth 8-7079] Multithreading enabled for synth_design using a maximum of 4 processes.
INFO: [Synth 8-7078] Launching helper process for spawning children vivado processes
INFO: [Synth 8-7075] Helper process launched with PID 532096
---------------------------------------------------------------------------------
Starting RTL Elaboration : Time (s): cpu = 00:00:04 ; elapsed = 00:00:04 . Memory (MB): peak = 2110.977 ; gain = 404.562 ; free physical = 44953 ; free virtual = 84812
---------------------------------------------------------------------------------
INFO: [Synth 8-638] synthesizing module 'key_memory' [/share/ryes/Vivado/VivadoProjects/trusthub_pynq_z1/trusthub_pynq_z1.gen/sources_1/ip/key_memory/synth/key_memory.vhd:67]
	Parameter C_FAMILY bound to: zynq - type: string 
	Parameter C_ADDR_WIDTH bound to: 5 - type: integer 
	Parameter C_DEFAULT_DATA bound to: 0 - type: string 
	Parameter C_DEPTH bound to: 32 - type: integer 
	Parameter C_HAS_CLK bound to: 1 - type: integer 
	Parameter C_HAS_D bound to: 0 - type: integer 
	Parameter C_HAS_DPO bound to: 0 - type: integer 
	Parameter C_HAS_DPRA bound to: 0 - type: integer 
	Parameter C_HAS_I_CE bound to: 0 - type: integer 
	Parameter C_HAS_QDPO bound to: 0 - type: integer 
	Parameter C_HAS_QDPO_CE bound to: 0 - type: integer 
	Parameter C_HAS_QDPO_CLK bound to: 0 - type: integer 
	Parameter C_HAS_QDPO_RST bound to: 0 - type: integer 
	Parameter C_HAS_QDPO_SRST bound to: 0 - type: integer 
	Parameter C_HAS_QSPO bound to: 1 - type: integer 
	Parameter C_HAS_QSPO_CE bound to: 0 - type: integer 
	Parameter C_HAS_QSPO_RST bound to: 0 - type: integer 
	Parameter C_HAS_QSPO_SRST bound to: 0 - type: integer 
	Parameter C_HAS_SPO bound to: 0 - type: integer 
	Parameter C_HAS_WE bound to: 0 - type: integer 
	Parameter C_MEM_INIT_FILE bound to: key_memory.mif - type: string 
	Parameter C_ELABORATION_DIR bound to: ./ - type: string 
	Parameter C_MEM_TYPE bound to: 0 - type: integer 
	Parameter C_PIPELINE_STAGES bound to: 0 - type: integer 
	Parameter C_QCE_JOINED bound to: 0 - type: integer 
	Parameter C_QUALIFY_WE bound to: 0 - type: integer 
	Parameter C_READ_MIF bound to: 1 - type: integer 
	Parameter C_REG_A_D_INPUTS bound to: 1 - type: integer 
	Parameter C_REG_DPRA_INPUT bound to: 0 - type: integer 
	Parameter C_SYNC_ENABLE bound to: 1 - type: integer 
	Parameter C_WIDTH bound to: 128 - type: integer 
	Parameter C_PARSER_TYPE bound to: 1 - type: integer 
INFO: [Synth 8-3491] module 'dist_mem_gen_v8_0_14' declared at '/share/ryes/Vivado/VivadoProjects/trusthub_pynq_z1/trusthub_pynq_z1.gen/sources_1/ip/key_memory/hdl/dist_mem_gen_v8_0_vhsyn_rfs.vhd:3191' bound to instance 'U0' of component 'dist_mem_gen_v8_0_14' [/share/ryes/Vivado/VivadoProjects/trusthub_pynq_z1/trusthub_pynq_z1.gen/sources_1/ip/key_memory/synth/key_memory.vhd:133]
INFO: [Synth 8-256] done synthesizing module 'key_memory' (0#1) [/share/ryes/Vivado/VivadoProjects/trusthub_pynq_z1/trusthub_pynq_z1.gen/sources_1/ip/key_memory/synth/key_memory.vhd:67]
WARNING: [Synth 8-7129] Port spo[127] in module rom is either unconnected or has no load
WARNING: [Synth 8-7129] Port spo[126] in module rom is either unconnected or has no load
WARNING: [Synth 8-7129] Port spo[125] in module rom is either unconnected or has no load
WARNING: [Synth 8-7129] Port spo[124] in module rom is either unconnected or has no load
WARNING: [Synth 8-7129] Port spo[123] in module rom is either unconnected or has no load
WARNING: [Synth 8-7129] Port spo[122] in module rom is either unconnected or has no load
WARNING: [Synth 8-7129] Port spo[121] in module rom is either unconnected or has no load
WARNING: [Synth 8-7129] Port spo[120] in module rom is either unconnected or has no load
WARNING: [Synth 8-7129] Port spo[119] in module rom is either unconnected or has no load
WARNING: [Synth 8-7129] Port spo[118] in module rom is either unconnected or has no load
WARNING: [Synth 8-7129] Port spo[117] in module rom is either unconnected or has no load
WARNING: [Synth 8-7129] Port spo[116] in module rom is either unconnected or has no load
WARNING: [Synth 8-7129] Port spo[115] in module rom is either unconnected or has no load
WARNING: [Synth 8-7129] Port spo[114] in module rom is either unconnected or has no load
WARNING: [Synth 8-7129] Port spo[113] in module rom is either unconnected or has no load
WARNING: [Synth 8-7129] Port spo[112] in module rom is either unconnected or has no load
WARNING: [Synth 8-7129] Port spo[111] in module rom is either unconnected or has no load
WARNING: [Synth 8-7129] Port spo[110] in module rom is either unconnected or has no load
WARNING: [Synth 8-7129] Port spo[109] in module rom is either unconnected or has no load
WARNING: [Synth 8-7129] Port spo[108] in module rom is either unconnected or has no load
WARNING: [Synth 8-7129] Port spo[107] in module rom is either unconnected or has no load
WARNING: [Synth 8-7129] Port spo[106] in module rom is either unconnected or has no load
WARNING: [Synth 8-7129] Port spo[105] in module rom is either unconnected or has no load
WARNING: [Synth 8-7129] Port spo[104] in module rom is either unconnected or has no load
WARNING: [Synth 8-7129] Port spo[103] in module rom is either unconnected or has no load
WARNING: [Synth 8-7129] Port spo[102] in module rom is either unconnected or has no load
WARNING: [Synth 8-7129] Port spo[101] in module rom is either unconnected or has no load
WARNING: [Synth 8-7129] Port spo[100] in module rom is either unconnected or has no load
WARNING: [Synth 8-7129] Port spo[99] in module rom is either unconnected or has no load
WARNING: [Synth 8-7129] Port spo[98] in module rom is either unconnected or has no load
WARNING: [Synth 8-7129] Port spo[97] in module rom is either unconnected or has no load
WARNING: [Synth 8-7129] Port spo[96] in module rom is either unconnected or has no load
WARNING: [Synth 8-7129] Port spo[95] in module rom is either unconnected or has no load
WARNING: [Synth 8-7129] Port spo[94] in module rom is either unconnected or has no load
WARNING: [Synth 8-7129] Port spo[93] in module rom is either unconnected or has no load
WARNING: [Synth 8-7129] Port spo[92] in module rom is either unconnected or has no load
WARNING: [Synth 8-7129] Port spo[91] in module rom is either unconnected or has no load
WARNING: [Synth 8-7129] Port spo[90] in module rom is either unconnected or has no load
WARNING: [Synth 8-7129] Port spo[89] in module rom is either unconnected or has no load
WARNING: [Synth 8-7129] Port spo[88] in module rom is either unconnected or has no load
WARNING: [Synth 8-7129] Port spo[87] in module rom is either unconnected or has no load
WARNING: [Synth 8-7129] Port spo[86] in module rom is either unconnected or has no load
WARNING: [Synth 8-7129] Port spo[85] in module rom is either unconnected or has no load
WARNING: [Synth 8-7129] Port spo[84] in module rom is either unconnected or has no load
WARNING: [Synth 8-7129] Port spo[83] in module rom is either unconnected or has no load
WARNING: [Synth 8-7129] Port spo[82] in module rom is either unconnected or has no load
WARNING: [Synth 8-7129] Port spo[81] in module rom is either unconnected or has no load
WARNING: [Synth 8-7129] Port spo[80] in module rom is either unconnected or has no load
WARNING: [Synth 8-7129] Port spo[79] in module rom is either unconnected or has no load
WARNING: [Synth 8-7129] Port spo[78] in module rom is either unconnected or has no load
WARNING: [Synth 8-7129] Port spo[77] in module rom is either unconnected or has no load
WARNING: [Synth 8-7129] Port spo[76] in module rom is either unconnected or has no load
WARNING: [Synth 8-7129] Port spo[75] in module rom is either unconnected or has no load
WARNING: [Synth 8-7129] Port spo[74] in module rom is either unconnected or has no load
WARNING: [Synth 8-7129] Port spo[73] in module rom is either unconnected or has no load
WARNING: [Synth 8-7129] Port spo[72] in module rom is either unconnected or has no load
WARNING: [Synth 8-7129] Port spo[71] in module rom is either unconnected or has no load
WARNING: [Synth 8-7129] Port spo[70] in module rom is either unconnected or has no load
WARNING: [Synth 8-7129] Port spo[69] in module rom is either unconnected or has no load
WARNING: [Synth 8-7129] Port spo[68] in module rom is either unconnected or has no load
WARNING: [Synth 8-7129] Port spo[67] in module rom is either unconnected or has no load
WARNING: [Synth 8-7129] Port spo[66] in module rom is either unconnected or has no load
WARNING: [Synth 8-7129] Port spo[65] in module rom is either unconnected or has no load
WARNING: [Synth 8-7129] Port spo[64] in module rom is either unconnected or has no load
WARNING: [Synth 8-7129] Port spo[63] in module rom is either unconnected or has no load
WARNING: [Synth 8-7129] Port spo[62] in module rom is either unconnected or has no load
WARNING: [Synth 8-7129] Port spo[61] in module rom is either unconnected or has no load
WARNING: [Synth 8-7129] Port spo[60] in module rom is either unconnected or has no load
WARNING: [Synth 8-7129] Port spo[59] in module rom is either unconnected or has no load
WARNING: [Synth 8-7129] Port spo[58] in module rom is either unconnected or has no load
WARNING: [Synth 8-7129] Port spo[57] in module rom is either unconnected or has no load
WARNING: [Synth 8-7129] Port spo[56] in module rom is either unconnected or has no load
WARNING: [Synth 8-7129] Port spo[55] in module rom is either unconnected or has no load
WARNING: [Synth 8-7129] Port spo[54] in module rom is either unconnected or has no load
WARNING: [Synth 8-7129] Port spo[53] in module rom is either unconnected or has no load
WARNING: [Synth 8-7129] Port spo[52] in module rom is either unconnected or has no load
WARNING: [Synth 8-7129] Port spo[51] in module rom is either unconnected or has no load
WARNING: [Synth 8-7129] Port spo[50] in module rom is either unconnected or has no load
WARNING: [Synth 8-7129] Port spo[49] in module rom is either unconnected or has no load
WARNING: [Synth 8-7129] Port spo[48] in module rom is either unconnected or has no load
WARNING: [Synth 8-7129] Port spo[47] in module rom is either unconnected or has no load
WARNING: [Synth 8-7129] Port spo[46] in module rom is either unconnected or has no load
WARNING: [Synth 8-7129] Port spo[45] in module rom is either unconnected or has no load
WARNING: [Synth 8-7129] Port spo[44] in module rom is either unconnected or has no load
WARNING: [Synth 8-7129] Port spo[43] in module rom is either unconnected or has no load
WARNING: [Synth 8-7129] Port spo[42] in module rom is either unconnected or has no load
WARNING: [Synth 8-7129] Port spo[41] in module rom is either unconnected or has no load
WARNING: [Synth 8-7129] Port spo[40] in module rom is either unconnected or has no load
WARNING: [Synth 8-7129] Port spo[39] in module rom is either unconnected or has no load
WARNING: [Synth 8-7129] Port spo[38] in module rom is either unconnected or has no load
WARNING: [Synth 8-7129] Port spo[37] in module rom is either unconnected or has no load
WARNING: [Synth 8-7129] Port spo[36] in module rom is either unconnected or has no load
WARNING: [Synth 8-7129] Port spo[35] in module rom is either unconnected or has no load
WARNING: [Synth 8-7129] Port spo[34] in module rom is either unconnected or has no load
WARNING: [Synth 8-7129] Port spo[33] in module rom is either unconnected or has no load
WARNING: [Synth 8-7129] Port spo[32] in module rom is either unconnected or has no load
WARNING: [Synth 8-7129] Port spo[31] in module rom is either unconnected or has no load
WARNING: [Synth 8-7129] Port spo[30] in module rom is either unconnected or has no load
WARNING: [Synth 8-7129] Port spo[29] in module rom is either unconnected or has no load
WARNING: [Synth 8-7129] Port spo[28] in module rom is either unconnected or has no load
INFO: [Common 17-14] Message 'Synth 8-7129' appears 100 times and further instances of the messages will be disabled. Use the Tcl command set_msg_config to change the current settings.
---------------------------------------------------------------------------------
Finished RTL Elaboration : Time (s): cpu = 00:00:05 ; elapsed = 00:00:06 . Memory (MB): peak = 2198.914 ; gain = 492.500 ; free physical = 44838 ; free virtual = 84698
---------------------------------------------------------------------------------
---------------------------------------------------------------------------------
Start Handling Custom Attributes
---------------------------------------------------------------------------------
---------------------------------------------------------------------------------
Finished Handling Custom Attributes : Time (s): cpu = 00:00:05 ; elapsed = 00:00:06 . Memory (MB): peak = 2213.758 ; gain = 507.344 ; free physical = 44835 ; free virtual = 84695
---------------------------------------------------------------------------------
---------------------------------------------------------------------------------
Finished RTL Optimization Phase 1 : Time (s): cpu = 00:00:05 ; elapsed = 00:00:06 . Memory (MB): peak = 2213.758 ; gain = 507.344 ; free physical = 44835 ; free virtual = 84695
---------------------------------------------------------------------------------
Netlist sorting complete. Time (s): cpu = 00:00:00 ; elapsed = 00:00:00.01 . Memory (MB): peak = 2213.758 ; gain = 0.000 ; free physical = 44835 ; free virtual = 84695
INFO: [Project 1-570] Preparing netlist for logic optimization

Processing XDC Constraints
Initializing timing engine
Parsing XDC File [/share/ryes/Vivado/VivadoProjects/trusthub_pynq_z1/trusthub_pynq_z1.gen/sources_1/ip/key_memory/key_memory_ooc.xdc] for cell 'U0'
Finished Parsing XDC File [/share/ryes/Vivado/VivadoProjects/trusthub_pynq_z1/trusthub_pynq_z1.gen/sources_1/ip/key_memory/key_memory_ooc.xdc] for cell 'U0'
Parsing XDC File [/share/ryes/Vivado/VivadoProjects/trusthub_pynq_z1/trusthub_pynq_z1.runs/key_memory_synth_1/dont_touch.xdc]
Finished Parsing XDC File [/share/ryes/Vivado/VivadoProjects/trusthub_pynq_z1/trusthub_pynq_z1.runs/key_memory_synth_1/dont_touch.xdc]
Completed Processing XDC Constraints

Netlist sorting complete. Time (s): cpu = 00:00:00 ; elapsed = 00:00:00 . Memory (MB): peak = 2348.508 ; gain = 0.000 ; free physical = 44819 ; free virtual = 84680
INFO: [Project 1-111] Unisim Transformation Summary:
No Unisim elements were transformed.

Constraint Validation Runtime : Time (s): cpu = 00:00:00.02 ; elapsed = 00:00:00.04 . Memory (MB): peak = 2348.543 ; gain = 0.000 ; free physical = 44819 ; free virtual = 84679
INFO: [Designutils 20-5008] Incremental synthesis strategy off
---------------------------------------------------------------------------------
Finished Constraint Validation : Time (s): cpu = 00:00:11 ; elapsed = 00:00:12 . Memory (MB): peak = 2348.543 ; gain = 642.129 ; free physical = 44819 ; free virtual = 84679
---------------------------------------------------------------------------------
---------------------------------------------------------------------------------
Start Loading Part and Timing Information
---------------------------------------------------------------------------------
Loading part: xc7z020clg400-1
---------------------------------------------------------------------------------
Finished Loading Part and Timing Information : Time (s): cpu = 00:00:11 ; elapsed = 00:00:12 . Memory (MB): peak = 2348.543 ; gain = 642.129 ; free physical = 44819 ; free virtual = 84679
---------------------------------------------------------------------------------
---------------------------------------------------------------------------------
Start Applying 'set_property' XDC Constraints
---------------------------------------------------------------------------------
Applied set_property KEEP_HIERARCHY = SOFT for U0. (constraint file  /share/ryes/Vivado/VivadoProjects/trusthub_pynq_z1/trusthub_pynq_z1.runs/key_memory_synth_1/dont_touch.xdc, line 9).
---------------------------------------------------------------------------------
Finished applying 'set_property' XDC Constraints : Time (s): cpu = 00:00:11 ; elapsed = 00:00:12 . Memory (MB): peak = 2348.543 ; gain = 642.129 ; free physical = 44819 ; free virtual = 84679
---------------------------------------------------------------------------------
---------------------------------------------------------------------------------
Finished RTL Optimization Phase 2 : Time (s): cpu = 00:00:11 ; elapsed = 00:00:12 . Memory (MB): peak = 2348.543 ; gain = 642.129 ; free physical = 44820 ; free virtual = 84681
---------------------------------------------------------------------------------
---------------------------------------------------------------------------------
Start RTL Component Statistics 
---------------------------------------------------------------------------------
Detailed RTL Component Info : 
+---Registers : 
	              128 Bit    Registers := 1     
	                5 Bit    Registers := 1     
	                1 Bit    Registers := 1     
---------------------------------------------------------------------------------
Finished RTL Component Statistics 
---------------------------------------------------------------------------------
---------------------------------------------------------------------------------
Start Part Resource Summary
---------------------------------------------------------------------------------
Part Resources:
DSPs: 220 (col length:60)
BRAMs: 280 (col length: RAMB18 60 RAMB36 30)
---------------------------------------------------------------------------------
Finished Part Resource Summary
---------------------------------------------------------------------------------
---------------------------------------------------------------------------------
Start Cross Boundary and Area Optimization
---------------------------------------------------------------------------------
WARNING: [Synth 8-7080] Parallel synthesis criteria is not met
---------------------------------------------------------------------------------
Finished Cross Boundary and Area Optimization : Time (s): cpu = 00:00:12 ; elapsed = 00:00:13 . Memory (MB): peak = 2348.543 ; gain = 642.129 ; free physical = 44817 ; free virtual = 84678
---------------------------------------------------------------------------------
---------------------------------------------------------------------------------
Start ROM, RAM, DSP, Shift Register and Retiming Reporting
---------------------------------------------------------------------------------

ROM: Preliminary Mapping Report
+---------------------+------------------------------------------------------+---------------+----------------+
|Module Name          | RTL Object                                           | Depth x Width | Implemented As | 
+---------------------+------------------------------------------------------+---------------+----------------+
|rom                  | rom[31]                                              | 32x126        | LUT            | 
|dist_mem_gen_v8_0_14 | synth_options.dist_mem_inst/gen_rom.rom_inst/rom[31] | 32x126        | LUT            | 
+---------------------+------------------------------------------------------+---------------+----------------+

---------------------------------------------------------------------------------
Finished ROM, RAM, DSP, Shift Register and Retiming Reporting
---------------------------------------------------------------------------------
---------------------------------------------------------------------------------
Start Applying XDC Timing Constraints
---------------------------------------------------------------------------------
---------------------------------------------------------------------------------
Finished Applying XDC Timing Constraints : Time (s): cpu = 00:00:16 ; elapsed = 00:00:17 . Memory (MB): peak = 2348.543 ; gain = 642.129 ; free physical = 44819 ; free virtual = 84680
---------------------------------------------------------------------------------
---------------------------------------------------------------------------------
Start Timing Optimization
---------------------------------------------------------------------------------
---------------------------------------------------------------------------------
Finished Timing Optimization : Time (s): cpu = 00:00:16 ; elapsed = 00:00:17 . Memory (MB): peak = 2348.543 ; gain = 642.129 ; free physical = 44819 ; free virtual = 84680
---------------------------------------------------------------------------------
---------------------------------------------------------------------------------
Start Technology Mapping
---------------------------------------------------------------------------------
---------------------------------------------------------------------------------
Finished Technology Mapping : Time (s): cpu = 00:00:16 ; elapsed = 00:00:17 . Memory (MB): peak = 2348.543 ; gain = 642.129 ; free physical = 44819 ; free virtual = 84680
---------------------------------------------------------------------------------
---------------------------------------------------------------------------------
Start IO Insertion
---------------------------------------------------------------------------------
---------------------------------------------------------------------------------
Start Flattening Before IO Insertion
---------------------------------------------------------------------------------
---------------------------------------------------------------------------------
Finished Flattening Before IO Insertion
---------------------------------------------------------------------------------
---------------------------------------------------------------------------------
Start Final Netlist Cleanup
---------------------------------------------------------------------------------
---------------------------------------------------------------------------------
Finished Final Netlist Cleanup
---------------------------------------------------------------------------------
---------------------------------------------------------------------------------
Finished IO Insertion : Time (s): cpu = 00:00:20 ; elapsed = 00:00:20 . Memory (MB): peak = 2348.543 ; gain = 642.129 ; free physical = 44818 ; free virtual = 84679
---------------------------------------------------------------------------------
---------------------------------------------------------------------------------
Start Renaming Generated Instances
---------------------------------------------------------------------------------
---------------------------------------------------------------------------------
Finished Renaming Generated Instances : Time (s): cpu = 00:00:20 ; elapsed = 00:00:20 . Memory (MB): peak = 2348.543 ; gain = 642.129 ; free physical = 44818 ; free virtual = 84679
---------------------------------------------------------------------------------
---------------------------------------------------------------------------------
Start Rebuilding User Hierarchy
---------------------------------------------------------------------------------
---------------------------------------------------------------------------------
Finished Rebuilding User Hierarchy : Time (s): cpu = 00:00:20 ; elapsed = 00:00:20 . Memory (MB): peak = 2348.543 ; gain = 642.129 ; free physical = 44818 ; free virtual = 84679
---------------------------------------------------------------------------------
---------------------------------------------------------------------------------
Start Renaming Generated Ports
---------------------------------------------------------------------------------
---------------------------------------------------------------------------------
Finished Renaming Generated Ports : Time (s): cpu = 00:00:20 ; elapsed = 00:00:20 . Memory (MB): peak = 2348.543 ; gain = 642.129 ; free physical = 44818 ; free virtual = 84679
---------------------------------------------------------------------------------
---------------------------------------------------------------------------------
Start Handling Custom Attributes
---------------------------------------------------------------------------------
---------------------------------------------------------------------------------
Finished Handling Custom Attributes : Time (s): cpu = 00:00:20 ; elapsed = 00:00:20 . Memory (MB): peak = 2348.543 ; gain = 642.129 ; free physical = 44818 ; free virtual = 84679
---------------------------------------------------------------------------------
---------------------------------------------------------------------------------
Start Renaming Generated Nets
---------------------------------------------------------------------------------
---------------------------------------------------------------------------------
Finished Renaming Generated Nets : Time (s): cpu = 00:00:20 ; elapsed = 00:00:20 . Memory (MB): peak = 2348.543 ; gain = 642.129 ; free physical = 44818 ; free virtual = 84679
---------------------------------------------------------------------------------
---------------------------------------------------------------------------------
Start Writing Synthesis Report
---------------------------------------------------------------------------------

Report BlackBoxes: 
+-+--------------+----------+
| |BlackBox name |Instances |
+-+--------------+----------+
+-+--------------+----------+

Report Cell Usage: 
+------+-----+------+
|      |Cell |Count |
+------+-----+------+
|1     |LUT5 |     1|
|2     |FDRE |     6|
+------+-----+------+
---------------------------------------------------------------------------------
Finished Writing Synthesis Report : Time (s): cpu = 00:00:20 ; elapsed = 00:00:20 . Memory (MB): peak = 2348.543 ; gain = 642.129 ; free physical = 44818 ; free virtual = 84679
---------------------------------------------------------------------------------
Synthesis finished with 0 errors, 0 critical warnings and 527 warnings.
Synthesis Optimization Runtime : Time (s): cpu = 00:00:18 ; elapsed = 00:00:19 . Memory (MB): peak = 2348.543 ; gain = 507.344 ; free physical = 44817 ; free virtual = 84678
Synthesis Optimization Complete : Time (s): cpu = 00:00:20 ; elapsed = 00:00:20 . Memory (MB): peak = 2348.543 ; gain = 642.129 ; free physical = 44816 ; free virtual = 84677
INFO: [Project 1-571] Translating synthesized netlist
Netlist sorting complete. Time (s): cpu = 00:00:00 ; elapsed = 00:00:00 . Memory (MB): peak = 2348.543 ; gain = 0.000 ; free physical = 45142 ; free virtual = 85003
INFO: [Project 1-570] Preparing netlist for logic optimization
INFO: [Opt 31-138] Pushed 0 inverter(s) to 0 load pin(s).
Netlist sorting complete. Time (s): cpu = 00:00:00 ; elapsed = 00:00:00 . Memory (MB): peak = 2348.543 ; gain = 0.000 ; free physical = 45142 ; free virtual = 85003
INFO: [Project 1-111] Unisim Transformation Summary:
No Unisim elements were transformed.

Synth Design complete | Checksum: 1da52eed
INFO: [Common 17-83] Releasing license: Synthesis
18 Infos, 101 Warnings, 0 Critical Warnings and 0 Errors encountered.
synth_design completed successfully
synth_design: Time (s): cpu = 00:00:26 ; elapsed = 00:00:26 . Memory (MB): peak = 2348.543 ; gain = 991.977 ; free physical = 45142 ; free virtual = 85003
INFO: [Common 17-2834] synth_design peak Physical Memory [PSS] (MB): overall = 1964.547; main = 1584.811; forked = 429.159
INFO: [Common 17-2834] synth_design peak Virtual Memory [VSS] (MB): overall = 3336.875; main = 2316.496; forked = 1020.379
INFO: [Common 17-1381] The checkpoint '/share/ryes/Vivado/VivadoProjects/trusthub_pynq_z1/trusthub_pynq_z1.runs/key_memory_synth_1/key_memory.dcp' has been generated.
INFO: [Coretcl 2-1648] Added synthesis output to IP cache for IP key_memory, cache-ID = c5a3d17167d5f6cf
INFO: [Coretcl 2-1174] Renamed 3 cell refs.
INFO: [Common 17-1381] The checkpoint '/share/ryes/Vivado/VivadoProjects/trusthub_pynq_z1/trusthub_pynq_z1.runs/key_memory_synth_1/key_memory.dcp' has been generated.
INFO: [runtcl-4] Executing : report_utilization -file key_memory_utilization_synth.rpt -pb key_memory_utilization_synth.pb
INFO: [Common 17-206] Exiting Vivado at Thu Dec 18 01:02:02 2025...
